<?xml version="1.0" encoding="UTF-8"?>
<!-- Generated by org.testng.reporters.JUnitXMLReporter -->
<testsuite ignored="0" hostname="TYSS-Sumanth" failures="0" tests="3" name="Command line test" time="41.759" errors="0" timestamp="2023-03-09T11:31:18 IST">
  <testcase classname="men.DemoTest" name="add" time="21.63"/>
  <testcase classname="testScripts.LaunchTest" name="nav" time="13.88"/>
  <testcase classname="womens.SampleTest" name="nav" time="6.168"/>
</testsuite> <!-- Command line test -->
