<?xml version="1.0" encoding="UTF-8"?>
<testng-results ignored="0" total="1" passed="1" failed="0" skipped="0">
  <reporter-output>
  </reporter-output>
  <suite started-at="2023-03-03T12:16:28 IST" name="Default suite" finished-at="2023-03-03T12:16:34 IST" duration-ms="6098">
    <groups>
    </groups>
    <test started-at="2023-03-03T12:16:28 IST" name="Default test" finished-at="2023-03-03T12:16:34 IST" duration-ms="6098">
      <class name="testScripts.LaunchTest">
        <test-method signature="nav()[pri:0, instance:testScripts.LaunchTest@73ee04c8]" started-at="2023-03-03T12:16:28 IST" name="nav" finished-at="2023-03-03T12:16:34 IST" duration-ms="6061" status="PASS">
          <reporter-output>
          </reporter-output>
        </test-method> <!-- nav -->
      </class> <!-- testScripts.LaunchTest -->
    </test> <!-- Default test -->
  </suite> <!-- Default suite -->
</testng-results>
